<?xml version="1.0" encoding="UTF-8"?>
<!-- Generated by org.testng.reporters.JUnitXMLReporter -->
<testsuite hostname="PC-Harry" ignored="0" name="test" tests="4" failures="1" timestamp="03 Oct 2021 10:12:36 GMT" time="0.023" errors="0">
  <testcase name="startCar" time="0.004" classname="com.harry.demotestng.core.DependenciesTest">
    <failure type="java.lang.AssertionError" message="null">
      <![CDATA[java.lang.AssertionError: null
at com.harry.demotestng.core.DependenciesTest.startCar(DependenciesTest.java:20)
... Removed 26 stack frames]]>
    </failure>
  </testcase> <!-- startCar -->
  <testcase name="driveCar" time="0.0" classname="com.harry.demotestng.core.DependenciesTest">
    <skipped/>
  </testcase> <!-- driveCar -->
  <testcase name="stopCar" time="0.0" classname="com.harry.demotestng.core.DependenciesTest"/>
  <testcase name="parkCar" time="0.001" classname="com.harry.demotestng.core.DependenciesTest"/>
</testsuite> <!-- test -->
